<?xml version="1.0" encoding="UTF-8"?>
<!-- Generated by org.testng.reporters.JUnitReportReporter -->
<testsuite hostname="OF060GZYGSN21" failures="0" tests="8" name="com.clicktime.tests.FeedBackPageTest" time="50.359" errors="0" timestamp="2020-11-10T13:39:26 EST" skipped="0">
  <testcase classname="com.clicktime.tests.FeedBackPageTest" name="ValidateInvalidEmailAssertion" time="6.716"/>
  <system-out/>
  <testcase classname="com.clicktime.tests.FeedBackPageTest" name="ValidateFeedBackSubmissionPageObjects" time="6.359"/>
  <system-out/>
  <testcase classname="com.clicktime.tests.FeedBackPageTest" name="validateFeedBackFieldsLengthLimit" time="6.011"/>
  <system-out/>
  <testcase classname="com.clicktime.tests.FeedBackPageTest" name="ValidateMissingFieldsAssertion" time="5.705"/>
  <system-out/>
  <testcase classname="com.clicktime.tests.FeedBackPageTest" name="ValidateMissingFieldsAssertion" time="5.860"/>
  <system-out/>
  <testcase classname="com.clicktime.tests.FeedBackPageTest" name="ValidateFeedBackSubmission" time="5.653"/>
  <system-out/>
  <testcase classname="com.clicktime.tests.FeedBackPageTest" name="ValidateMissingFieldsAssertion" time="5.921"/>
  <system-out/>
  <testcase classname="com.clicktime.tests.FeedBackPageTest" name="ValidateMissingFieldsAssertion" time="8.134"/>
  <system-out/>
</testsuite> <!-- com.clicktime.tests.FeedBackPageTest -->
